[+] Containers:
 |- [+] Container: /Game/ThirdPersonMap
 |   |- [+] ActorDescs:
 |   |   |- Guid:01D96551478F52A7E57B74B1446F45F1 BaseClass: NativeClass:/Script/Landscape.LandscapeStreamingProxy Name:LandscapeStreamingProxy_2I35UXA2DS7LJ7V440SXHMN9E_126_0_1_0 Label:LandscapeStreamingProxy_0_1_0 SpatiallyLoaded:1 Bounds:IsValid=true, Min=(X=-25200.000 Y=-12600.000 Z=100.000), Max=(X=-25200.000 Y=-12600.000 Z=100.000) RuntimeGrid:None EditorOnly:0 RuntimeOnly:0 HLODRelevant:0 ListedInSceneOutliner:1 IsMainWorldOnly:0
 |   |   |- Guid:020A06FC48D5A98F032CAB840E0BAD94 BaseClass: NativeClass:/Script/Engine.ExponentialHeightFog Name:ExponentialHeightFog_UAID_00D86112C32E7D2802_1266554742 Label:ExponentialHeightFog SpatiallyLoaded:0 Bounds:IsValid=true, Min=(X=-6270.000 Y=-6112.000 Z=3306.000), Max=(X=-6270.000 Y=-6112.000 Z=3306.000) RuntimeGrid:None EditorOnly:0 RuntimeOnly:0 HLODRelevant:0 ListedInSceneOutliner:1 IsMainWorldOnly:0
 |   |   |- Guid:13683D1D4847D8BCD5B6C4A0ACA2872F BaseClass: NativeClass:/Script/Landscape.LandscapeStreamingProxy Name:LandscapeStreamingProxy_2I35UXA2DS7LJ7V440SXHMN9E_126_1_1_0 Label:LandscapeStreamingProxy_1_1_0 SpatiallyLoaded:1 Bounds:IsValid=true, Min=(X=-12600.000 Y=-12600.000 Z=100.000), Max=(X=-12600.000 Y=-12600.000 Z=100.000) RuntimeGrid:None EditorOnly:0 RuntimeOnly:0 HLODRelevant:0 ListedInSceneOutliner:1 IsMainWorldOnly:0
 |   |   |- Guid:1575998144F47B3559D94B9FC0C8F521 BaseClass: NativeClass:/Script/Landscape.Landscape Name:Landscape_UAID_00D86112C32E4C2A02_2026597225 Label:Landscape2 SpatiallyLoaded:0 Bounds:IsValid=true, Min=(X=-25200.000 Y=-25200.000 Z=100.000), Max=(X=-25200.000 Y=-25200.000 Z=100.000) RuntimeGrid:None EditorOnly:0 RuntimeOnly:0 HLODRelevant:0 ListedInSceneOutliner:1 IsMainWorldOnly:0
 |   |   |- Guid:173108DD4C345EBBAE20CB9DAFA86770 BaseClass: NativeClass:/Script/Landscape.LandscapeStreamingProxy Name:LandscapeStreamingProxy_6AV4KTZZQJDTJGQK5RXPRS9F5_126_2_3_0 Label:LandscapeStreamingProxy_2_3_0 SpatiallyLoaded:1 Bounds:IsValid=true, Min=(X=0.000 Y=12600.000 Z=0.000), Max=(X=12600.000 Y=25200.000 Z=200.000) RuntimeGrid:None EditorOnly:0 RuntimeOnly:0 HLODRelevant:1 ListedInSceneOutliner:1 IsMainWorldOnly:0
 |   |   |- Guid:19B48E784AF8D029F1C9FFA9892232CC BaseClass: NativeClass:/Script/Engine.StaticMeshActor Name:StaticMeshActor_UAID_00D86112C32E4C2A02_2112779226 Label:Plane SpatiallyLoaded:1 Bounds:IsValid=true, Min=(X=-61551.500 Y=-12481.500 Z=765.000), Max=(X=-30276.500 Y=18793.500 Z=765.000) RuntimeGrid:None EditorOnly:0 RuntimeOnly:0 HLODRelevant:1 ListedInSceneOutliner:1 IsMainWorldOnly:0
 |   |   |- Guid:1C46DE614A2EB74052E2B592F9EC9B9D BaseClass: NativeClass:/Script/Landscape.LandscapeStreamingProxy Name:LandscapeStreamingProxy_6AV4KTZZQJDTJGQK5RXPRS9F5_126_1_3_0 Label:LandscapeStreamingProxy_1_3_0 SpatiallyLoaded:1 Bounds:IsValid=true, Min=(X=-12600.000 Y=12600.000 Z=0.000), Max=(X=0.000 Y=25200.000 Z=200.000) RuntimeGrid:None EditorOnly:0 RuntimeOnly:0 HLODRelevant:1 ListedInSceneOutliner:1 IsMainWorldOnly:0
 |   |   |- Guid:1C6AA8A84250D9A2E0BC1BA4C6A6E10B BaseClass: NativeClass:/Script/Landscape.LandscapeStreamingProxy Name:LandscapeStreamingProxy_2I35UXA2DS7LJ7V440SXHMN9E_126_1_0_0 Label:LandscapeStreamingProxy_1_0_0 SpatiallyLoaded:1 Bounds:IsValid=true, Min=(X=-12600.000 Y=-25200.000 Z=100.000), Max=(X=-12600.000 Y=-25200.000 Z=100.000) RuntimeGrid:None EditorOnly:0 RuntimeOnly:0 HLODRelevant:0 ListedInSceneOutliner:1 IsMainWorldOnly:0
 |   |   |- Guid:1D5DD9A4445379B1C648F19237C54587 BaseClass: NativeClass:/Script/Engine.SkyLight Name:SkyLight_1 Label:SkyLight SpatiallyLoaded:0 Bounds:IsValid=true, Min=(X=0.000 Y=0.000 Z=690.000), Max=(X=0.000 Y=0.000 Z=690.000) RuntimeGrid:None EditorOnly:0 RuntimeOnly:0 HLODRelevant:0 ListedInSceneOutliner:1 IsMainWorldOnly:0 FolderPath:Lighting FolderGuid:963EC3EB4002CCE9759E2EBA541A873A
 |   |   |- Guid:1FC621BF4DB033C129F033A5FC58E059 BaseClass:/Game/LevelPrototyping/Blueprints/BP_BigDoor.BP_BigDoor_C NativeClass:/Script/Engine.Actor Name:BP_BigDoor_C_UAID_047C163C5FFFA52A02_2076778892 Label:BP_BigDoor SpatiallyLoaded:1 Bounds:IsValid=true, Min=(X=-22432.000 Y=-117.000 Z=68.000), Max=(X=-22180.000 Y=547.000 Z=865.000) RuntimeGrid:None EditorOnly:0 RuntimeOnly:0 HLODRelevant:0 ListedInSceneOutliner:1 IsMainWorldOnly:0
 |   |   |- Guid:2217E22149E44402D70B409E4EB3C986 BaseClass:/Game/LevelPrototyping/Blueprints/BP_Button.BP_Button_C NativeClass:/Script/Engine.Actor Name:BP_Button_C_UAID_047C163C5FFFAB2A02_1115514949 Label:BP_Button SpatiallyLoaded:1 Bounds:IsValid=true, Min=(X=-23304.000 Y=186.000 Z=100.000), Max=(X=-23204.000 Y=286.000 Z=139.000) RuntimeGrid:None EditorOnly:0 RuntimeOnly:0 HLODRelevant:0 ListedInSceneOutliner:1 IsMainWorldOnly:0
 |   |   |- Guid:242C214B4007D57BCD6DD58EDE8E1A91 BaseClass: NativeClass:/Script/Landscape.LandscapeStreamingProxy Name:LandscapeStreamingProxy_6AV4KTZZQJDTJGQK5RXPRS9F5_126_0_0_0 Label:LandscapeStreamingProxy_0_0_0 SpatiallyLoaded:1 Bounds:IsValid=true, Min=(X=-25200.000 Y=-25200.000 Z=0.000), Max=(X=-12600.000 Y=-12600.000 Z=200.000) RuntimeGrid:None EditorOnly:0 RuntimeOnly:0 HLODRelevant:1 ListedInSceneOutliner:1 IsMainWorldOnly:0
 |   |   |- Guid:2C923B5448493485FE27D0955A47615D BaseClass: NativeClass:/Script/Landscape.LandscapeStreamingProxy Name:LandscapeStreamingProxy_2I35UXA2DS7LJ7V440SXHMN9E_126_0_2_0 Label:LandscapeStreamingProxy_0_2_0 SpatiallyLoaded:1 Bounds:IsValid=true, Min=(X=-25200.000 Y=0.000 Z=100.000), Max=(X=-25200.000 Y=0.000 Z=100.000) RuntimeGrid:None EditorOnly:0 RuntimeOnly:0 HLODRelevant:0 ListedInSceneOutliner:1 IsMainWorldOnly:0
 |   |   |- Guid:34DC598C4B7AA100339094A96D048947 BaseClass: NativeClass:/Script/Foliage.InstancedFoliageActor Name:InstancedFoliageActor_25600_-1_-1_0 Label:InstancedFoliageActor_-1_-1_0 SpatiallyLoaded:1 Bounds:(Editor:IsValid=true, Min=(X=-25600.000 Y=-25600.000 Z=0.000), Max=(X=0.000 Y=0.000 Z=25600.000) Runtime:IsValid=true, Min=(X=-24164.982 Y=-6444.173 Z=790.000), Max=(X=-20968.853 Y=-3505.873 Z=1250.000)) RuntimeGrid:None EditorOnly:0 RuntimeOnly:0 HLODRelevant:1 ListedInSceneOutliner:1 IsMainWorldOnly:0
 |   |   |- Guid:3AC01EB54A77AC1EFB1961855A572B10 BaseClass: NativeClass:/Script/Landscape.LandscapeStreamingProxy Name:LandscapeStreamingProxy_2I35UXA2DS7LJ7V440SXHMN9E_126_1_2_0 Label:LandscapeStreamingProxy_1_2_0 SpatiallyLoaded:1 Bounds:IsValid=true, Min=(X=-12600.000 Y=0.000 Z=100.000), Max=(X=-12600.000 Y=0.000 Z=100.000) RuntimeGrid:None EditorOnly:0 RuntimeOnly:0 HLODRelevant:0 ListedInSceneOutliner:1 IsMainWorldOnly:0
 |   |   |- Guid:3CFA34A34E129BDCE33F41A7DA6D91F3 BaseClass: NativeClass:/Script/Landscape.LandscapeStreamingProxy Name:LandscapeStreamingProxy_6AV4KTZZQJDTJGQK5RXPRS9F5_126_3_1_0 Label:LandscapeStreamingProxy_3_1_0 SpatiallyLoaded:1 Bounds:IsValid=true, Min=(X=12600.000 Y=-12600.000 Z=0.000), Max=(X=25200.000 Y=0.000 Z=200.000) RuntimeGrid:None EditorOnly:0 RuntimeOnly:0 HLODRelevant:1 ListedInSceneOutliner:1 IsMainWorldOnly:0
 |   |   |- Guid:4251F1F548C3BC0526A43ABA361740A5 BaseClass: NativeClass:/Script/Engine.WorldDataLayers Name:WorldDataLayers Label:WorldDataLayers SpatiallyLoaded:0 Bounds:Invalid RuntimeGrid:None EditorOnly:0 RuntimeOnly:0 HLODRelevant:0 ListedInSceneOutliner:1 IsMainWorldOnly:1
 |   |   |- Guid:46973E694CA63E46AC8FACB4A08F0E78 BaseClass: NativeClass:/Script/Landscape.LandscapeStreamingProxy Name:LandscapeStreamingProxy_6AV4KTZZQJDTJGQK5RXPRS9F5_126_3_2_0 Label:LandscapeStreamingProxy_3_2_0 SpatiallyLoaded:1 Bounds:IsValid=true, Min=(X=12600.000 Y=0.000 Z=0.000), Max=(X=25200.000 Y=12600.000 Z=200.000) RuntimeGrid:None EditorOnly:0 RuntimeOnly:0 HLODRelevant:1 ListedInSceneOutliner:1 IsMainWorldOnly:0
 |   |   |- Guid:47E5BE974569EDFDBBB571AF97A9B81B BaseClass: NativeClass:/Script/Landscape.LandscapeStreamingProxy Name:LandscapeStreamingProxy_6AV4KTZZQJDTJGQK5RXPRS9F5_126_2_2_0 Label:LandscapeStreamingProxy_2_2_0 SpatiallyLoaded:1 Bounds:IsValid=true, Min=(X=0.000 Y=0.000 Z=0.000), Max=(X=12600.000 Y=12600.000 Z=200.000) RuntimeGrid:None EditorOnly:0 RuntimeOnly:0 HLODRelevant:1 ListedInSceneOutliner:1 IsMainWorldOnly:0
 |   |   |- Guid:4D4392B7469C8922D4CD7490E872F5BC BaseClass: NativeClass:/Script/Landscape.LandscapeStreamingProxy Name:LandscapeStreamingProxy_2I35UXA2DS7LJ7V440SXHMN9E_126_-1_2_0 Label:LandscapeStreamingProxy_-1_2_0 SpatiallyLoaded:1 Bounds:IsValid=true, Min=(X=-37800.000 Y=0.000 Z=100.000), Max=(X=-37800.000 Y=0.000 Z=100.000) RuntimeGrid:None EditorOnly:0 RuntimeOnly:0 HLODRelevant:0 ListedInSceneOutliner:1 IsMainWorldOnly:0
 |   |   |- Guid:4EEFFD4A4891340402B20AA3F93D9481 BaseClass: NativeClass:/Script/Engine.PostProcessVolume Name:PostProcessVolume_0 Label:PostProcessVolume SpatiallyLoaded:0 Bounds:IsValid=true, Min=(X=0.000 Y=0.000 Z=400.000), Max=(X=200.000 Y=200.000 Z=600.000) RuntimeGrid:None EditorOnly:0 RuntimeOnly:0 HLODRelevant:0 ListedInSceneOutliner:1 IsMainWorldOnly:0 FolderPath:Lighting FolderGuid:963EC3EB4002CCE9759E2EBA541A873A
 |   |   |- Guid:5C50B02B45680A87E840AB9E90225B27 BaseClass: NativeClass:/Script/Landscape.LandscapeStreamingProxy Name:LandscapeStreamingProxy_6AV4KTZZQJDTJGQK5RXPRS9F5_126_3_3_0 Label:LandscapeStreamingProxy_3_3_0 SpatiallyLoaded:1 Bounds:IsValid=true, Min=(X=12600.000 Y=12600.000 Z=0.000), Max=(X=25200.000 Y=25200.000 Z=200.000) RuntimeGrid:None EditorOnly:0 RuntimeOnly:0 HLODRelevant:1 ListedInSceneOutliner:1 IsMainWorldOnly:0
 |   |   |- Guid:6465A9EF4D30E115B86706929F972D40 BaseClass: NativeClass:/Script/Landscape.LandscapeStreamingProxy Name:LandscapeStreamingProxy_6AV4KTZZQJDTJGQK5RXPRS9F5_126_0_1_0 Label:LandscapeStreamingProxy_0_1_0 SpatiallyLoaded:1 Bounds:IsValid=true, Min=(X=-25200.000 Y=-12600.000 Z=0.000), Max=(X=-12600.000 Y=0.000 Z=200.000) RuntimeGrid:None EditorOnly:0 RuntimeOnly:0 HLODRelevant:1 ListedInSceneOutliner:1 IsMainWorldOnly:0
 |   |   |- Guid:676683194C0132711BC444A3439DF122 BaseClass: NativeClass:/Script/Landscape.LandscapeStreamingProxy Name:LandscapeStreamingProxy_2I35UXA2DS7LJ7V440SXHMN9E_126_0_0_0 Label:LandscapeStreamingProxy_0_0_0 SpatiallyLoaded:1 Bounds:IsValid=true, Min=(X=-25200.000 Y=-25200.000 Z=100.000), Max=(X=-25200.000 Y=-25200.000 Z=100.000) RuntimeGrid:None EditorOnly:0 RuntimeOnly:0 HLODRelevant:0 ListedInSceneOutliner:1 IsMainWorldOnly:0
 |   |   |- Guid:6EE30FA448D1B5A9AEC7519E31F76FEE BaseClass: NativeClass:/Script/Landscape.LandscapeStreamingProxy Name:LandscapeStreamingProxy_6AV4KTZZQJDTJGQK5RXPRS9F5_126_1_2_0 Label:LandscapeStreamingProxy_1_2_0 SpatiallyLoaded:1 Bounds:IsValid=true, Min=(X=-12600.000 Y=0.000 Z=0.000), Max=(X=0.000 Y=12600.000 Z=200.000) RuntimeGrid:None EditorOnly:0 RuntimeOnly:0 HLODRelevant:1 ListedInSceneOutliner:1 IsMainWorldOnly:0
 |   |   |- Guid:7D21A34944DB0446F2A45998E22BBDB3 BaseClass: NativeClass:/Script/Landscape.LandscapeStreamingProxy Name:LandscapeStreamingProxy_6AV4KTZZQJDTJGQK5RXPRS9F5_126_1_0_0 Label:LandscapeStreamingProxy_1_0_0 SpatiallyLoaded:1 Bounds:IsValid=true, Min=(X=-12600.000 Y=-25200.000 Z=0.000), Max=(X=0.000 Y=-12600.000 Z=200.000) RuntimeGrid:None EditorOnly:0 RuntimeOnly:0 HLODRelevant:1 ListedInSceneOutliner:1 IsMainWorldOnly:0
 |   |   |- Guid:8186B8CD410C9A5BD58535BBF7F29F74 BaseClass: NativeClass:/Script/Engine.VolumetricCloud Name:VolumetricCloud_0 Label:VolumetricCloud SpatiallyLoaded:0 Bounds:IsValid=true, Min=(X=0.000 Y=0.000 Z=820.000), Max=(X=0.000 Y=0.000 Z=820.000) RuntimeGrid:None EditorOnly:0 RuntimeOnly:0 HLODRelevant:0 ListedInSceneOutliner:1 IsMainWorldOnly:0 FolderPath:Lighting FolderGuid:963EC3EB4002CCE9759E2EBA541A873A
 |   |   |- Guid:85B8198A4383A532113F709415FCAC31 BaseClass: NativeClass:/Script/Landscape.LandscapeStreamingProxy Name:LandscapeStreamingProxy_2I35UXA2DS7LJ7V440SXHMN9E_126_3_3_0 Label:LandscapeStreamingProxy_3_3_0 SpatiallyLoaded:1 Bounds:IsValid=true, Min=(X=12600.000 Y=12600.000 Z=100.000), Max=(X=12600.000 Y=12600.000 Z=100.000) RuntimeGrid:None EditorOnly:0 RuntimeOnly:0 HLODRelevant:0 ListedInSceneOutliner:1 IsMainWorldOnly:0
 |   |   |- Guid:89AE56BB466F7911797FB1994919ED3D BaseClass: NativeClass:/Script/Landscape.LandscapeStreamingProxy Name:LandscapeStreamingProxy_2I35UXA2DS7LJ7V440SXHMN9E_126_1_3_0 Label:LandscapeStreamingProxy_1_3_0 SpatiallyLoaded:1 Bounds:IsValid=true, Min=(X=-12600.000 Y=12600.000 Z=100.000), Max=(X=-12600.000 Y=12600.000 Z=100.000) RuntimeGrid:None EditorOnly:0 RuntimeOnly:0 HLODRelevant:0 ListedInSceneOutliner:1 IsMainWorldOnly:0
 |   |   |- Guid:8FBB0E1E4B456682208BB2A9C81D4446 BaseClass: NativeClass:/Script/Landscape.LandscapeStreamingProxy Name:LandscapeStreamingProxy_2I35UXA2DS7LJ7V440SXHMN9E_126_2_2_0 Label:LandscapeStreamingProxy_2_2_0 SpatiallyLoaded:1 Bounds:IsValid=true, Min=(X=0.000 Y=0.000 Z=100.000), Max=(X=0.000 Y=0.000 Z=100.000) RuntimeGrid:None EditorOnly:0 RuntimeOnly:0 HLODRelevant:0 ListedInSceneOutliner:1 IsMainWorldOnly:0
 |   |   |- Guid:8FF6C735428A6EFBD5013BBA31D81330 BaseClass: NativeClass:/Script/Landscape.Landscape Name:Landscape_UAID_00D86112C32E182802_1667234966 Label:Landscape SpatiallyLoaded:0 Bounds:IsValid=true, Min=(X=-25200.000 Y=-25200.000 Z=100.000), Max=(X=-25200.000 Y=-25200.000 Z=100.000) RuntimeGrid:None EditorOnly:0 RuntimeOnly:0 HLODRelevant:0 ListedInSceneOutliner:1 IsMainWorldOnly:0
 |   |   |- Guid:9089755B4ADF94E50E8C34BC69CA1427 BaseClass: NativeClass:/Script/Landscape.LandscapeStreamingProxy Name:LandscapeStreamingProxy_2I35UXA2DS7LJ7V440SXHMN9E_126_2_1_0 Label:LandscapeStreamingProxy_2_1_0 SpatiallyLoaded:1 Bounds:IsValid=true, Min=(X=0.000 Y=-12600.000 Z=100.000), Max=(X=0.000 Y=-12600.000 Z=100.000) RuntimeGrid:None EditorOnly:0 RuntimeOnly:0 HLODRelevant:0 ListedInSceneOutliner:1 IsMainWorldOnly:0
 |   |   |- Guid:920C3E6548178F88FADB128B6483E4B9 BaseClass: NativeClass:/Script/Landscape.LandscapeStreamingProxy Name:LandscapeStreamingProxy_6AV4KTZZQJDTJGQK5RXPRS9F5_126_2_1_0 Label:LandscapeStreamingProxy_2_1_0 SpatiallyLoaded:1 Bounds:IsValid=true, Min=(X=0.000 Y=-12600.000 Z=0.000), Max=(X=12600.000 Y=0.000 Z=200.000) RuntimeGrid:None EditorOnly:0 RuntimeOnly:0 HLODRelevant:1 ListedInSceneOutliner:1 IsMainWorldOnly:0
 |   |   |- Guid:93E63BC44F31F148C1A780B3199F667E BaseClass: NativeClass:/Script/Engine.PlayerStart Name:PlayerStart_0 Label:PlayerStart SpatiallyLoaded:0 Bounds:IsValid=true, Min=(X=-24410.000 Y=-40.000 Z=108.000), Max=(X=-24330.000 Y=40.000 Z=292.000) RuntimeGrid:None EditorOnly:0 RuntimeOnly:0 HLODRelevant:0 ListedInSceneOutliner:1 IsMainWorldOnly:0
 |   |   |- Guid:96E465C4435A247B7993A69A22BC83BD BaseClass: NativeClass:/Script/Landscape.LandscapeStreamingProxy Name:LandscapeStreamingProxy_2I35UXA2DS7LJ7V440SXHMN9E_126_2_3_0 Label:LandscapeStreamingProxy_2_3_0 SpatiallyLoaded:1 Bounds:IsValid=true, Min=(X=0.000 Y=12600.000 Z=100.000), Max=(X=0.000 Y=12600.000 Z=100.000) RuntimeGrid:None EditorOnly:0 RuntimeOnly:0 HLODRelevant:0 ListedInSceneOutliner:1 IsMainWorldOnly:0
 |   |   |- Guid:9B6DA42C44C5EEB34E599F81C54B7864 BaseClass:/Game/LevelPrototyping/Blueprints/BP_Tree.BP_Tree_C NativeClass:/Script/Engine.Actor Name:BP_Tree_C_UAID_00D86112C32E512A02_1599391117 Label:BP_Tree SpatiallyLoaded:1 Bounds:IsValid=true, Min=(X=-22438.750 Y=-3319.750 Z=100.167), Max=(X=-22161.250 Y=-3040.250 Z=560.010) RuntimeGrid:None EditorOnly:0 RuntimeOnly:0 HLODRelevant:0 ListedInSceneOutliner:1 IsMainWorldOnly:0
 |   |   |- Guid:9E2BE347438945D703C5C7B68705382B BaseClass: NativeClass:/Script/Landscape.LandscapeStreamingProxy Name:LandscapeStreamingProxy_6AV4KTZZQJDTJGQK5RXPRS9F5_126_3_0_0 Label:LandscapeStreamingProxy_3_0_0 SpatiallyLoaded:1 Bounds:IsValid=true, Min=(X=12600.000 Y=-25200.000 Z=0.000), Max=(X=25200.000 Y=-12600.000 Z=200.000) RuntimeGrid:None EditorOnly:0 RuntimeOnly:0 HLODRelevant:1 ListedInSceneOutliner:1 IsMainWorldOnly:0
 |   |   |- Guid:9FBEF1D14E64D66B4363DFB04C7E31B0 BaseClass: NativeClass:/Script/Landscape.LandscapeStreamingProxy Name:LandscapeStreamingProxy_2I35UXA2DS7LJ7V440SXHMN9E_126_3_2_0 Label:LandscapeStreamingProxy_3_2_0 SpatiallyLoaded:1 Bounds:IsValid=true, Min=(X=12600.000 Y=0.000 Z=100.000), Max=(X=12600.000 Y=0.000 Z=100.000) RuntimeGrid:None EditorOnly:0 RuntimeOnly:0 HLODRelevant:0 ListedInSceneOutliner:1 IsMainWorldOnly:0
 |   |   |- Guid:A9C9F2C3405A2818D1E2B6A2B1327910 BaseClass: NativeClass:/Script/Landscape.LandscapeStreamingProxy Name:LandscapeStreamingProxy_2I35UXA2DS7LJ7V440SXHMN9E_126_3_1_0 Label:LandscapeStreamingProxy_3_1_0 SpatiallyLoaded:1 Bounds:IsValid=true, Min=(X=12600.000 Y=-12600.000 Z=100.000), Max=(X=12600.000 Y=-12600.000 Z=100.000) RuntimeGrid:None EditorOnly:0 RuntimeOnly:0 HLODRelevant:0 ListedInSceneOutliner:1 IsMainWorldOnly:0
 |   |   |- Guid:B2D5920B45C4046D0386C9BB02699A76 BaseClass: NativeClass:/Script/Engine.StaticMeshActor Name:StaticMeshActor_UAID_A4AE111137DC5EFB00_1110535423 Label:SM_SkySphere SpatiallyLoaded:0 Bounds:IsValid=true, Min=(X=-1638300.000 Y=-1638400.000 Z=-1638400.000), Max=(X=1638500.000 Y=1638400.000 Z=1638400.000) RuntimeGrid:None EditorOnly:0 RuntimeOnly:0 HLODRelevant:0 ListedInSceneOutliner:1 IsMainWorldOnly:0 FolderPath:Lighting FolderGuid:963EC3EB4002CCE9759E2EBA541A873A
 |   |   |- Guid:B5C3922241587C265DBD71BB3AAF25AA BaseClass: NativeClass:/Script/Landscape.LandscapeStreamingProxy Name:LandscapeStreamingProxy_2I35UXA2DS7LJ7V440SXHMN9E_126_2_0_0 Label:LandscapeStreamingProxy_2_0_0 SpatiallyLoaded:1 Bounds:IsValid=true, Min=(X=0.000 Y=-25200.000 Z=100.000), Max=(X=0.000 Y=-25200.000 Z=100.000) RuntimeGrid:None EditorOnly:0 RuntimeOnly:0 HLODRelevant:0 ListedInSceneOutliner:1 IsMainWorldOnly:0
 |   |   |- Guid:BD60CD2F4B56BA4BBE7C82A5A50CEA8B BaseClass:/Game/LevelPrototyping/Blueprints/BP_Lamp.BP_Lamp_C NativeClass:/Script/Engine.Actor Name:BP_Lamp_C_UAID_00D86112C32E502A02_1189116934 Label:BP_Lamp SpatiallyLoaded:1 Bounds:IsValid=true, Min=(X=-22990.000 Y=-1520.000 Z=79.729), Max=(X=-22630.000 Y=-1320.000 Z=610.000) RuntimeGrid:None EditorOnly:0 RuntimeOnly:0 HLODRelevant:0 ListedInSceneOutliner:1 IsMainWorldOnly:0
 |   |   |- Guid:C0E4DEC848BE1F742A6C13B437739150 BaseClass: NativeClass:/Script/Engine.DirectionalLight Name:DirectionalLight_0 Label:DirectionalLight SpatiallyLoaded:0 Bounds:Invalid RuntimeGrid:None EditorOnly:0 RuntimeOnly:0 HLODRelevant:0 ListedInSceneOutliner:1 IsMainWorldOnly:0 FolderPath:Lighting FolderGuid:963EC3EB4002CCE9759E2EBA541A873A
 |   |   |- Guid:CC6862354D7099155FB41C96A83E58A5 BaseClass: NativeClass:/Script/Engine.SkyAtmosphere Name:SkyAtmosphere_0 Label:SkyAtmosphere SpatiallyLoaded:0 Bounds:IsValid=true, Min=(X=0.000 Y=0.000 Z=1020.000), Max=(X=0.000 Y=0.000 Z=1020.000) RuntimeGrid:None EditorOnly:0 RuntimeOnly:0 HLODRelevant:0 ListedInSceneOutliner:1 IsMainWorldOnly:0 FolderPath:Lighting FolderGuid:963EC3EB4002CCE9759E2EBA541A873A
 |   |   |- Guid:D2027C0A4BE713269B8A8AAE283BD9F3 BaseClass: NativeClass:/Script/Landscape.LandscapeStreamingProxy Name:LandscapeStreamingProxy_2I35UXA2DS7LJ7V440SXHMN9E_126_-1_3_0 Label:LandscapeStreamingProxy_-1_3_0 SpatiallyLoaded:1 Bounds:IsValid=true, Min=(X=-37800.000 Y=12600.000 Z=100.000), Max=(X=-37800.000 Y=12600.000 Z=100.000) RuntimeGrid:None EditorOnly:0 RuntimeOnly:0 HLODRelevant:0 ListedInSceneOutliner:1 IsMainWorldOnly:0
 |   |   |- Guid:D808A85C4EC93B7A6213088D15451520 BaseClass: NativeClass:/Script/Landscape.LandscapeStreamingProxy Name:LandscapeStreamingProxy_6AV4KTZZQJDTJGQK5RXPRS9F5_126_2_0_0 Label:LandscapeStreamingProxy_2_0_0 SpatiallyLoaded:1 Bounds:IsValid=true, Min=(X=0.000 Y=-25200.000 Z=0.000), Max=(X=12600.000 Y=-12600.000 Z=200.000) RuntimeGrid:None EditorOnly:0 RuntimeOnly:0 HLODRelevant:1 ListedInSceneOutliner:1 IsMainWorldOnly:0
 |   |   |- Guid:D95001BE495457870F8DC9AC7E15EF7C BaseClass: NativeClass:/Script/Landscape.LandscapeStreamingProxy Name:LandscapeStreamingProxy_2I35UXA2DS7LJ7V440SXHMN9E_126_3_0_0 Label:LandscapeStreamingProxy_3_0_0 SpatiallyLoaded:1 Bounds:IsValid=true, Min=(X=12600.000 Y=-25200.000 Z=100.000), Max=(X=12600.000 Y=-25200.000 Z=100.000) RuntimeGrid:None EditorOnly:0 RuntimeOnly:0 HLODRelevant:0 ListedInSceneOutliner:1 IsMainWorldOnly:0
 |   |   |- Guid:DDA1904B4152C971D3F766B8E8F587FF BaseClass: NativeClass:/Script/Landscape.LandscapeStreamingProxy Name:LandscapeStreamingProxy_2I35UXA2DS7LJ7V440SXHMN9E_126_-1_1_0 Label:LandscapeStreamingProxy_-1_1_0 SpatiallyLoaded:1 Bounds:IsValid=true, Min=(X=-37800.000 Y=-12600.000 Z=100.000), Max=(X=-37800.000 Y=-12600.000 Z=100.000) RuntimeGrid:None EditorOnly:0 RuntimeOnly:0 HLODRelevant:0 ListedInSceneOutliner:1 IsMainWorldOnly:0
 |   |   |- Guid:E52961B54BC0F1C642FCC89714D3ED17 BaseClass: NativeClass:/Script/Landscape.LandscapeStreamingProxy Name:LandscapeStreamingProxy_6AV4KTZZQJDTJGQK5RXPRS9F5_126_0_3_0 Label:LandscapeStreamingProxy_0_3_0 SpatiallyLoaded:1 Bounds:IsValid=true, Min=(X=-25200.000 Y=12600.000 Z=0.000), Max=(X=-12600.000 Y=25200.000 Z=200.000) RuntimeGrid:None EditorOnly:0 RuntimeOnly:0 HLODRelevant:1 ListedInSceneOutliner:1 IsMainWorldOnly:0
 |   |   |- Guid:E96A3AF748FF1BCACA4E7D9C7541FA78 BaseClass: NativeClass:/Script/Landscape.LandscapeStreamingProxy Name:LandscapeStreamingProxy_6AV4KTZZQJDTJGQK5RXPRS9F5_126_0_2_0 Label:LandscapeStreamingProxy_0_2_0 SpatiallyLoaded:1 Bounds:IsValid=true, Min=(X=-25200.000 Y=0.000 Z=0.000), Max=(X=-12600.000 Y=12600.000 Z=200.000) RuntimeGrid:None EditorOnly:0 RuntimeOnly:0 HLODRelevant:1 ListedInSceneOutliner:1 IsMainWorldOnly:0
 |   |   |- Guid:EE1B39ED4B27FADCBCB68D9E301E2CDE BaseClass:/Game/LevelPrototyping/Blueprints/BP_House.BP_House_C NativeClass:/Script/Engine.Actor Name:BP_House_C_UAID_047C163C5FFF5A2A02_1281995687 Label:BP_House SpatiallyLoaded:1 Bounds:IsValid=true, Min=(X=-21085.000 Y=-2690.000 Z=100.000), Max=(X=-19580.000 Y=-1090.000 Z=1696.539) RuntimeGrid:None EditorOnly:0 RuntimeOnly:0 HLODRelevant:0 ListedInSceneOutliner:1 IsMainWorldOnly:0
 |   |   |- Guid:F5AAF96E40D746F3F8B1E889214A227B BaseClass: NativeClass:/Script/Landscape.LandscapeStreamingProxy Name:LandscapeStreamingProxy_2I35UXA2DS7LJ7V440SXHMN9E_126_0_3_0 Label:LandscapeStreamingProxy_0_3_0 SpatiallyLoaded:1 Bounds:IsValid=true, Min=(X=-25200.000 Y=12600.000 Z=100.000), Max=(X=-25200.000 Y=12600.000 Z=100.000) RuntimeGrid:None EditorOnly:0 RuntimeOnly:0 HLODRelevant:0 ListedInSceneOutliner:1 IsMainWorldOnly:0
 |   |   |- Guid:FB9A7C3D470E292BDADD52AA61CE2C6F BaseClass: NativeClass:/Script/Landscape.LandscapeStreamingProxy Name:LandscapeStreamingProxy_6AV4KTZZQJDTJGQK5RXPRS9F5_126_1_1_0 Label:LandscapeStreamingProxy_1_1_0 SpatiallyLoaded:1 Bounds:IsValid=true, Min=(X=-12600.000 Y=-12600.000 Z=0.000), Max=(X=0.000 Y=0.000 Z=200.000) RuntimeGrid:None EditorOnly:0 RuntimeOnly:0 HLODRelevant:1 ListedInSceneOutliner:1 IsMainWorldOnly:0
 |   |- [+] Clusters:
 |   |   |- [+] [  0]
 |   |   |   |- Guid:01D96551478F52A7E57B74B1446F45F1 BaseClass: NativeClass:/Script/Landscape.LandscapeStreamingProxy Name:LandscapeStreamingProxy_2I35UXA2DS7LJ7V440SXHMN9E_126_0_1_0 Label:LandscapeStreamingProxy_0_1_0 SpatiallyLoaded:1 Bounds:IsValid=true, Min=(X=-25200.000 Y=-12600.000 Z=100.000), Max=(X=-25200.000 Y=-12600.000 Z=100.000) RuntimeGrid:None EditorOnly:0 RuntimeOnly:0 HLODRelevant:0 ListedInSceneOutliner:1 IsMainWorldOnly:0
 |   |   |- [+] [  1]
 |   |   |   |- Guid:020A06FC48D5A98F032CAB840E0BAD94 BaseClass: NativeClass:/Script/Engine.ExponentialHeightFog Name:ExponentialHeightFog_UAID_00D86112C32E7D2802_1266554742 Label:ExponentialHeightFog SpatiallyLoaded:0 Bounds:IsValid=true, Min=(X=-6270.000 Y=-6112.000 Z=3306.000), Max=(X=-6270.000 Y=-6112.000 Z=3306.000) RuntimeGrid:None EditorOnly:0 RuntimeOnly:0 HLODRelevant:0 ListedInSceneOutliner:1 IsMainWorldOnly:0
 |   |   |- [+] [  2]
 |   |   |   |- Guid:13683D1D4847D8BCD5B6C4A0ACA2872F BaseClass: NativeClass:/Script/Landscape.LandscapeStreamingProxy Name:LandscapeStreamingProxy_2I35UXA2DS7LJ7V440SXHMN9E_126_1_1_0 Label:LandscapeStreamingProxy_1_1_0 SpatiallyLoaded:1 Bounds:IsValid=true, Min=(X=-12600.000 Y=-12600.000 Z=100.000), Max=(X=-12600.000 Y=-12600.000 Z=100.000) RuntimeGrid:None EditorOnly:0 RuntimeOnly:0 HLODRelevant:0 ListedInSceneOutliner:1 IsMainWorldOnly:0
 |   |   |- [+] [  3]
 |   |   |   |- Guid:1575998144F47B3559D94B9FC0C8F521 BaseClass: NativeClass:/Script/Landscape.Landscape Name:Landscape_UAID_00D86112C32E4C2A02_2026597225 Label:Landscape2 SpatiallyLoaded:0 Bounds:IsValid=true, Min=(X=-25200.000 Y=-25200.000 Z=100.000), Max=(X=-25200.000 Y=-25200.000 Z=100.000) RuntimeGrid:None EditorOnly:0 RuntimeOnly:0 HLODRelevant:0 ListedInSceneOutliner:1 IsMainWorldOnly:0
 |   |   |- [+] [  4]
 |   |   |   |- Guid:173108DD4C345EBBAE20CB9DAFA86770 BaseClass: NativeClass:/Script/Landscape.LandscapeStreamingProxy Name:LandscapeStreamingProxy_6AV4KTZZQJDTJGQK5RXPRS9F5_126_2_3_0 Label:LandscapeStreamingProxy_2_3_0 SpatiallyLoaded:1 Bounds:IsValid=true, Min=(X=0.000 Y=12600.000 Z=0.000), Max=(X=12600.000 Y=25200.000 Z=200.000) RuntimeGrid:None EditorOnly:0 RuntimeOnly:0 HLODRelevant:1 ListedInSceneOutliner:1 IsMainWorldOnly:0
 |   |   |- [+] [  5]
 |   |   |   |- Guid:19B48E784AF8D029F1C9FFA9892232CC BaseClass: NativeClass:/Script/Engine.StaticMeshActor Name:StaticMeshActor_UAID_00D86112C32E4C2A02_2112779226 Label:Plane SpatiallyLoaded:1 Bounds:IsValid=true, Min=(X=-61551.500 Y=-12481.500 Z=765.000), Max=(X=-30276.500 Y=18793.500 Z=765.000) RuntimeGrid:None EditorOnly:0 RuntimeOnly:0 HLODRelevant:1 ListedInSceneOutliner:1 IsMainWorldOnly:0
 |   |   |- [+] [  6]
 |   |   |   |- Guid:1C46DE614A2EB74052E2B592F9EC9B9D BaseClass: NativeClass:/Script/Landscape.LandscapeStreamingProxy Name:LandscapeStreamingProxy_6AV4KTZZQJDTJGQK5RXPRS9F5_126_1_3_0 Label:LandscapeStreamingProxy_1_3_0 SpatiallyLoaded:1 Bounds:IsValid=true, Min=(X=-12600.000 Y=12600.000 Z=0.000), Max=(X=0.000 Y=25200.000 Z=200.000) RuntimeGrid:None EditorOnly:0 RuntimeOnly:0 HLODRelevant:1 ListedInSceneOutliner:1 IsMainWorldOnly:0
 |   |   |- [+] [  7]
 |   |   |   |- Guid:1C6AA8A84250D9A2E0BC1BA4C6A6E10B BaseClass: NativeClass:/Script/Landscape.LandscapeStreamingProxy Name:LandscapeStreamingProxy_2I35UXA2DS7LJ7V440SXHMN9E_126_1_0_0 Label:LandscapeStreamingProxy_1_0_0 SpatiallyLoaded:1 Bounds:IsValid=true, Min=(X=-12600.000 Y=-25200.000 Z=100.000), Max=(X=-12600.000 Y=-25200.000 Z=100.000) RuntimeGrid:None EditorOnly:0 RuntimeOnly:0 HLODRelevant:0 ListedInSceneOutliner:1 IsMainWorldOnly:0
 |   |   |- [+] [  8]
 |   |   |   |- Guid:1D5DD9A4445379B1C648F19237C54587 BaseClass: NativeClass:/Script/Engine.SkyLight Name:SkyLight_1 Label:SkyLight SpatiallyLoaded:0 Bounds:IsValid=true, Min=(X=0.000 Y=0.000 Z=690.000), Max=(X=0.000 Y=0.000 Z=690.000) RuntimeGrid:None EditorOnly:0 RuntimeOnly:0 HLODRelevant:0 ListedInSceneOutliner:1 IsMainWorldOnly:0 FolderPath:Lighting FolderGuid:963EC3EB4002CCE9759E2EBA541A873A
 |   |   |- [+] [  9]
 |   |   |   |- Guid:1FC621BF4DB033C129F033A5FC58E059 BaseClass:/Game/LevelPrototyping/Blueprints/BP_BigDoor.BP_BigDoor_C NativeClass:/Script/Engine.Actor Name:BP_BigDoor_C_UAID_047C163C5FFFA52A02_2076778892 Label:BP_BigDoor SpatiallyLoaded:1 Bounds:IsValid=true, Min=(X=-22432.000 Y=-117.000 Z=68.000), Max=(X=-22180.000 Y=547.000 Z=865.000) RuntimeGrid:None EditorOnly:0 RuntimeOnly:0 HLODRelevant:0 ListedInSceneOutliner:1 IsMainWorldOnly:0
 |   |   |   |- Guid:2217E22149E44402D70B409E4EB3C986 BaseClass:/Game/LevelPrototyping/Blueprints/BP_Button.BP_Button_C NativeClass:/Script/Engine.Actor Name:BP_Button_C_UAID_047C163C5FFFAB2A02_1115514949 Label:BP_Button SpatiallyLoaded:1 Bounds:IsValid=true, Min=(X=-23304.000 Y=186.000 Z=100.000), Max=(X=-23204.000 Y=286.000 Z=139.000) RuntimeGrid:None EditorOnly:0 RuntimeOnly:0 HLODRelevant:0 ListedInSceneOutliner:1 IsMainWorldOnly:0
 |   |   |- [+] [ 10]
 |   |   |   |- Guid:242C214B4007D57BCD6DD58EDE8E1A91 BaseClass: NativeClass:/Script/Landscape.LandscapeStreamingProxy Name:LandscapeStreamingProxy_6AV4KTZZQJDTJGQK5RXPRS9F5_126_0_0_0 Label:LandscapeStreamingProxy_0_0_0 SpatiallyLoaded:1 Bounds:IsValid=true, Min=(X=-25200.000 Y=-25200.000 Z=0.000), Max=(X=-12600.000 Y=-12600.000 Z=200.000) RuntimeGrid:None EditorOnly:0 RuntimeOnly:0 HLODRelevant:1 ListedInSceneOutliner:1 IsMainWorldOnly:0
 |   |   |- [+] [ 11]
 |   |   |   |- Guid:2C923B5448493485FE27D0955A47615D BaseClass: NativeClass:/Script/Landscape.LandscapeStreamingProxy Name:LandscapeStreamingProxy_2I35UXA2DS7LJ7V440SXHMN9E_126_0_2_0 Label:LandscapeStreamingProxy_0_2_0 SpatiallyLoaded:1 Bounds:IsValid=true, Min=(X=-25200.000 Y=0.000 Z=100.000), Max=(X=-25200.000 Y=0.000 Z=100.000) RuntimeGrid:None EditorOnly:0 RuntimeOnly:0 HLODRelevant:0 ListedInSceneOutliner:1 IsMainWorldOnly:0
 |   |   |- [+] [ 12]
 |   |   |   |- Guid:34DC598C4B7AA100339094A96D048947 BaseClass: NativeClass:/Script/Foliage.InstancedFoliageActor Name:InstancedFoliageActor_25600_-1_-1_0 Label:InstancedFoliageActor_-1_-1_0 SpatiallyLoaded:1 Bounds:(Editor:IsValid=true, Min=(X=-25600.000 Y=-25600.000 Z=0.000), Max=(X=0.000 Y=0.000 Z=25600.000) Runtime:IsValid=true, Min=(X=-24164.982 Y=-6444.173 Z=790.000), Max=(X=-20968.853 Y=-3505.873 Z=1250.000)) RuntimeGrid:None EditorOnly:0 RuntimeOnly:0 HLODRelevant:1 ListedInSceneOutliner:1 IsMainWorldOnly:0
 |   |   |- [+] [ 13]
 |   |   |   |- Guid:3AC01EB54A77AC1EFB1961855A572B10 BaseClass: NativeClass:/Script/Landscape.LandscapeStreamingProxy Name:LandscapeStreamingProxy_2I35UXA2DS7LJ7V440SXHMN9E_126_1_2_0 Label:LandscapeStreamingProxy_1_2_0 SpatiallyLoaded:1 Bounds:IsValid=true, Min=(X=-12600.000 Y=0.000 Z=100.000), Max=(X=-12600.000 Y=0.000 Z=100.000) RuntimeGrid:None EditorOnly:0 RuntimeOnly:0 HLODRelevant:0 ListedInSceneOutliner:1 IsMainWorldOnly:0
 |   |   |- [+] [ 14]
 |   |   |   |- Guid:3CFA34A34E129BDCE33F41A7DA6D91F3 BaseClass: NativeClass:/Script/Landscape.LandscapeStreamingProxy Name:LandscapeStreamingProxy_6AV4KTZZQJDTJGQK5RXPRS9F5_126_3_1_0 Label:LandscapeStreamingProxy_3_1_0 SpatiallyLoaded:1 Bounds:IsValid=true, Min=(X=12600.000 Y=-12600.000 Z=0.000), Max=(X=25200.000 Y=0.000 Z=200.000) RuntimeGrid:None EditorOnly:0 RuntimeOnly:0 HLODRelevant:1 ListedInSceneOutliner:1 IsMainWorldOnly:0
 |   |   |- [+] [ 15]
 |   |   |   |- Guid:4251F1F548C3BC0526A43ABA361740A5 BaseClass: NativeClass:/Script/Engine.WorldDataLayers Name:WorldDataLayers Label:WorldDataLayers SpatiallyLoaded:0 Bounds:Invalid RuntimeGrid:None EditorOnly:0 RuntimeOnly:0 HLODRelevant:0 ListedInSceneOutliner:1 IsMainWorldOnly:1
 |   |   |- [+] [ 16]
 |   |   |   |- Guid:46973E694CA63E46AC8FACB4A08F0E78 BaseClass: NativeClass:/Script/Landscape.LandscapeStreamingProxy Name:LandscapeStreamingProxy_6AV4KTZZQJDTJGQK5RXPRS9F5_126_3_2_0 Label:LandscapeStreamingProxy_3_2_0 SpatiallyLoaded:1 Bounds:IsValid=true, Min=(X=12600.000 Y=0.000 Z=0.000), Max=(X=25200.000 Y=12600.000 Z=200.000) RuntimeGrid:None EditorOnly:0 RuntimeOnly:0 HLODRelevant:1 ListedInSceneOutliner:1 IsMainWorldOnly:0
 |   |   |- [+] [ 17]
 |   |   |   |- Guid:47E5BE974569EDFDBBB571AF97A9B81B BaseClass: NativeClass:/Script/Landscape.LandscapeStreamingProxy Name:LandscapeStreamingProxy_6AV4KTZZQJDTJGQK5RXPRS9F5_126_2_2_0 Label:LandscapeStreamingProxy_2_2_0 SpatiallyLoaded:1 Bounds:IsValid=true, Min=(X=0.000 Y=0.000 Z=0.000), Max=(X=12600.000 Y=12600.000 Z=200.000) RuntimeGrid:None EditorOnly:0 RuntimeOnly:0 HLODRelevant:1 ListedInSceneOutliner:1 IsMainWorldOnly:0
 |   |   |- [+] [ 18]
 |   |   |   |- Guid:4D4392B7469C8922D4CD7490E872F5BC BaseClass: NativeClass:/Script/Landscape.LandscapeStreamingProxy Name:LandscapeStreamingProxy_2I35UXA2DS7LJ7V440SXHMN9E_126_-1_2_0 Label:LandscapeStreamingProxy_-1_2_0 SpatiallyLoaded:1 Bounds:IsValid=true, Min=(X=-37800.000 Y=0.000 Z=100.000), Max=(X=-37800.000 Y=0.000 Z=100.000) RuntimeGrid:None EditorOnly:0 RuntimeOnly:0 HLODRelevant:0 ListedInSceneOutliner:1 IsMainWorldOnly:0
 |   |   |- [+] [ 19]
 |   |   |   |- Guid:4EEFFD4A4891340402B20AA3F93D9481 BaseClass: NativeClass:/Script/Engine.PostProcessVolume Name:PostProcessVolume_0 Label:PostProcessVolume SpatiallyLoaded:0 Bounds:IsValid=true, Min=(X=0.000 Y=0.000 Z=400.000), Max=(X=200.000 Y=200.000 Z=600.000) RuntimeGrid:None EditorOnly:0 RuntimeOnly:0 HLODRelevant:0 ListedInSceneOutliner:1 IsMainWorldOnly:0 FolderPath:Lighting FolderGuid:963EC3EB4002CCE9759E2EBA541A873A
 |   |   |- [+] [ 20]
 |   |   |   |- Guid:5C50B02B45680A87E840AB9E90225B27 BaseClass: NativeClass:/Script/Landscape.LandscapeStreamingProxy Name:LandscapeStreamingProxy_6AV4KTZZQJDTJGQK5RXPRS9F5_126_3_3_0 Label:LandscapeStreamingProxy_3_3_0 SpatiallyLoaded:1 Bounds:IsValid=true, Min=(X=12600.000 Y=12600.000 Z=0.000), Max=(X=25200.000 Y=25200.000 Z=200.000) RuntimeGrid:None EditorOnly:0 RuntimeOnly:0 HLODRelevant:1 ListedInSceneOutliner:1 IsMainWorldOnly:0
 |   |   |- [+] [ 21]
 |   |   |   |- Guid:6465A9EF4D30E115B86706929F972D40 BaseClass: NativeClass:/Script/Landscape.LandscapeStreamingProxy Name:LandscapeStreamingProxy_6AV4KTZZQJDTJGQK5RXPRS9F5_126_0_1_0 Label:LandscapeStreamingProxy_0_1_0 SpatiallyLoaded:1 Bounds:IsValid=true, Min=(X=-25200.000 Y=-12600.000 Z=0.000), Max=(X=-12600.000 Y=0.000 Z=200.000) RuntimeGrid:None EditorOnly:0 RuntimeOnly:0 HLODRelevant:1 ListedInSceneOutliner:1 IsMainWorldOnly:0
 |   |   |- [+] [ 22]
 |   |   |   |- Guid:676683194C0132711BC444A3439DF122 BaseClass: NativeClass:/Script/Landscape.LandscapeStreamingProxy Name:LandscapeStreamingProxy_2I35UXA2DS7LJ7V440SXHMN9E_126_0_0_0 Label:LandscapeStreamingProxy_0_0_0 SpatiallyLoaded:1 Bounds:IsValid=true, Min=(X=-25200.000 Y=-25200.000 Z=100.000), Max=(X=-25200.000 Y=-25200.000 Z=100.000) RuntimeGrid:None EditorOnly:0 RuntimeOnly:0 HLODRelevant:0 ListedInSceneOutliner:1 IsMainWorldOnly:0
 |   |   |- [+] [ 23]
 |   |   |   |- Guid:6EE30FA448D1B5A9AEC7519E31F76FEE BaseClass: NativeClass:/Script/Landscape.LandscapeStreamingProxy Name:LandscapeStreamingProxy_6AV4KTZZQJDTJGQK5RXPRS9F5_126_1_2_0 Label:LandscapeStreamingProxy_1_2_0 SpatiallyLoaded:1 Bounds:IsValid=true, Min=(X=-12600.000 Y=0.000 Z=0.000), Max=(X=0.000 Y=12600.000 Z=200.000) RuntimeGrid:None EditorOnly:0 RuntimeOnly:0 HLODRelevant:1 ListedInSceneOutliner:1 IsMainWorldOnly:0
 |   |   |- [+] [ 24]
 |   |   |   |- Guid:7D21A34944DB0446F2A45998E22BBDB3 BaseClass: NativeClass:/Script/Landscape.LandscapeStreamingProxy Name:LandscapeStreamingProxy_6AV4KTZZQJDTJGQK5RXPRS9F5_126_1_0_0 Label:LandscapeStreamingProxy_1_0_0 SpatiallyLoaded:1 Bounds:IsValid=true, Min=(X=-12600.000 Y=-25200.000 Z=0.000), Max=(X=0.000 Y=-12600.000 Z=200.000) RuntimeGrid:None EditorOnly:0 RuntimeOnly:0 HLODRelevant:1 ListedInSceneOutliner:1 IsMainWorldOnly:0
 |   |   |- [+] [ 25]
 |   |   |   |- Guid:8186B8CD410C9A5BD58535BBF7F29F74 BaseClass: NativeClass:/Script/Engine.VolumetricCloud Name:VolumetricCloud_0 Label:VolumetricCloud SpatiallyLoaded:0 Bounds:IsValid=true, Min=(X=0.000 Y=0.000 Z=820.000), Max=(X=0.000 Y=0.000 Z=820.000) RuntimeGrid:None EditorOnly:0 RuntimeOnly:0 HLODRelevant:0 ListedInSceneOutliner:1 IsMainWorldOnly:0 FolderPath:Lighting FolderGuid:963EC3EB4002CCE9759E2EBA541A873A
 |   |   |- [+] [ 26]
 |   |   |   |- Guid:85B8198A4383A532113F709415FCAC31 BaseClass: NativeClass:/Script/Landscape.LandscapeStreamingProxy Name:LandscapeStreamingProxy_2I35UXA2DS7LJ7V440SXHMN9E_126_3_3_0 Label:LandscapeStreamingProxy_3_3_0 SpatiallyLoaded:1 Bounds:IsValid=true, Min=(X=12600.000 Y=12600.000 Z=100.000), Max=(X=12600.000 Y=12600.000 Z=100.000) RuntimeGrid:None EditorOnly:0 RuntimeOnly:0 HLODRelevant:0 ListedInSceneOutliner:1 IsMainWorldOnly:0
 |   |   |- [+] [ 27]
 |   |   |   |- Guid:89AE56BB466F7911797FB1994919ED3D BaseClass: NativeClass:/Script/Landscape.LandscapeStreamingProxy Name:LandscapeStreamingProxy_2I35UXA2DS7LJ7V440SXHMN9E_126_1_3_0 Label:LandscapeStreamingProxy_1_3_0 SpatiallyLoaded:1 Bounds:IsValid=true, Min=(X=-12600.000 Y=12600.000 Z=100.000), Max=(X=-12600.000 Y=12600.000 Z=100.000) RuntimeGrid:None EditorOnly:0 RuntimeOnly:0 HLODRelevant:0 ListedInSceneOutliner:1 IsMainWorldOnly:0
 |   |   |- [+] [ 28]
 |   |   |   |- Guid:8FBB0E1E4B456682208BB2A9C81D4446 BaseClass: NativeClass:/Script/Landscape.LandscapeStreamingProxy Name:LandscapeStreamingProxy_2I35UXA2DS7LJ7V440SXHMN9E_126_2_2_0 Label:LandscapeStreamingProxy_2_2_0 SpatiallyLoaded:1 Bounds:IsValid=true, Min=(X=0.000 Y=0.000 Z=100.000), Max=(X=0.000 Y=0.000 Z=100.000) RuntimeGrid:None EditorOnly:0 RuntimeOnly:0 HLODRelevant:0 ListedInSceneOutliner:1 IsMainWorldOnly:0
 |   |   |- [+] [ 29]
 |   |   |   |- Guid:8FF6C735428A6EFBD5013BBA31D81330 BaseClass: NativeClass:/Script/Landscape.Landscape Name:Landscape_UAID_00D86112C32E182802_1667234966 Label:Landscape SpatiallyLoaded:0 Bounds:IsValid=true, Min=(X=-25200.000 Y=-25200.000 Z=100.000), Max=(X=-25200.000 Y=-25200.000 Z=100.000) RuntimeGrid:None EditorOnly:0 RuntimeOnly:0 HLODRelevant:0 ListedInSceneOutliner:1 IsMainWorldOnly:0
 |   |   |- [+] [ 30]
 |   |   |   |- Guid:9089755B4ADF94E50E8C34BC69CA1427 BaseClass: NativeClass:/Script/Landscape.LandscapeStreamingProxy Name:LandscapeStreamingProxy_2I35UXA2DS7LJ7V440SXHMN9E_126_2_1_0 Label:LandscapeStreamingProxy_2_1_0 SpatiallyLoaded:1 Bounds:IsValid=true, Min=(X=0.000 Y=-12600.000 Z=100.000), Max=(X=0.000 Y=-12600.000 Z=100.000) RuntimeGrid:None EditorOnly:0 RuntimeOnly:0 HLODRelevant:0 ListedInSceneOutliner:1 IsMainWorldOnly:0
 |   |   |- [+] [ 31]
 |   |   |   |- Guid:920C3E6548178F88FADB128B6483E4B9 BaseClass: NativeClass:/Script/Landscape.LandscapeStreamingProxy Name:LandscapeStreamingProxy_6AV4KTZZQJDTJGQK5RXPRS9F5_126_2_1_0 Label:LandscapeStreamingProxy_2_1_0 SpatiallyLoaded:1 Bounds:IsValid=true, Min=(X=0.000 Y=-12600.000 Z=0.000), Max=(X=12600.000 Y=0.000 Z=200.000) RuntimeGrid:None EditorOnly:0 RuntimeOnly:0 HLODRelevant:1 ListedInSceneOutliner:1 IsMainWorldOnly:0
 |   |   |- [+] [ 32]
 |   |   |   |- Guid:93E63BC44F31F148C1A780B3199F667E BaseClass: NativeClass:/Script/Engine.PlayerStart Name:PlayerStart_0 Label:PlayerStart SpatiallyLoaded:0 Bounds:IsValid=true, Min=(X=-24410.000 Y=-40.000 Z=108.000), Max=(X=-24330.000 Y=40.000 Z=292.000) RuntimeGrid:None EditorOnly:0 RuntimeOnly:0 HLODRelevant:0 ListedInSceneOutliner:1 IsMainWorldOnly:0
 |   |   |- [+] [ 33]
 |   |   |   |- Guid:96E465C4435A247B7993A69A22BC83BD BaseClass: NativeClass:/Script/Landscape.LandscapeStreamingProxy Name:LandscapeStreamingProxy_2I35UXA2DS7LJ7V440SXHMN9E_126_2_3_0 Label:LandscapeStreamingProxy_2_3_0 SpatiallyLoaded:1 Bounds:IsValid=true, Min=(X=0.000 Y=12600.000 Z=100.000), Max=(X=0.000 Y=12600.000 Z=100.000) RuntimeGrid:None EditorOnly:0 RuntimeOnly:0 HLODRelevant:0 ListedInSceneOutliner:1 IsMainWorldOnly:0
 |   |   |- [+] [ 34]
 |   |   |   |- Guid:9B6DA42C44C5EEB34E599F81C54B7864 BaseClass:/Game/LevelPrototyping/Blueprints/BP_Tree.BP_Tree_C NativeClass:/Script/Engine.Actor Name:BP_Tree_C_UAID_00D86112C32E512A02_1599391117 Label:BP_Tree SpatiallyLoaded:1 Bounds:IsValid=true, Min=(X=-22438.750 Y=-3319.750 Z=100.167), Max=(X=-22161.250 Y=-3040.250 Z=560.010) RuntimeGrid:None EditorOnly:0 RuntimeOnly:0 HLODRelevant:0 ListedInSceneOutliner:1 IsMainWorldOnly:0
 |   |   |- [+] [ 35]
 |   |   |   |- Guid:9E2BE347438945D703C5C7B68705382B BaseClass: NativeClass:/Script/Landscape.LandscapeStreamingProxy Name:LandscapeStreamingProxy_6AV4KTZZQJDTJGQK5RXPRS9F5_126_3_0_0 Label:LandscapeStreamingProxy_3_0_0 SpatiallyLoaded:1 Bounds:IsValid=true, Min=(X=12600.000 Y=-25200.000 Z=0.000), Max=(X=25200.000 Y=-12600.000 Z=200.000) RuntimeGrid:None EditorOnly:0 RuntimeOnly:0 HLODRelevant:1 ListedInSceneOutliner:1 IsMainWorldOnly:0
 |   |   |- [+] [ 36]
 |   |   |   |- Guid:9FBEF1D14E64D66B4363DFB04C7E31B0 BaseClass: NativeClass:/Script/Landscape.LandscapeStreamingProxy Name:LandscapeStreamingProxy_2I35UXA2DS7LJ7V440SXHMN9E_126_3_2_0 Label:LandscapeStreamingProxy_3_2_0 SpatiallyLoaded:1 Bounds:IsValid=true, Min=(X=12600.000 Y=0.000 Z=100.000), Max=(X=12600.000 Y=0.000 Z=100.000) RuntimeGrid:None EditorOnly:0 RuntimeOnly:0 HLODRelevant:0 ListedInSceneOutliner:1 IsMainWorldOnly:0
 |   |   |- [+] [ 37]
 |   |   |   |- Guid:A9C9F2C3405A2818D1E2B6A2B1327910 BaseClass: NativeClass:/Script/Landscape.LandscapeStreamingProxy Name:LandscapeStreamingProxy_2I35UXA2DS7LJ7V440SXHMN9E_126_3_1_0 Label:LandscapeStreamingProxy_3_1_0 SpatiallyLoaded:1 Bounds:IsValid=true, Min=(X=12600.000 Y=-12600.000 Z=100.000), Max=(X=12600.000 Y=-12600.000 Z=100.000) RuntimeGrid:None EditorOnly:0 RuntimeOnly:0 HLODRelevant:0 ListedInSceneOutliner:1 IsMainWorldOnly:0
 |   |   |- [+] [ 38]
 |   |   |   |- Guid:B2D5920B45C4046D0386C9BB02699A76 BaseClass: NativeClass:/Script/Engine.StaticMeshActor Name:StaticMeshActor_UAID_A4AE111137DC5EFB00_1110535423 Label:SM_SkySphere SpatiallyLoaded:0 Bounds:IsValid=true, Min=(X=-1638300.000 Y=-1638400.000 Z=-1638400.000), Max=(X=1638500.000 Y=1638400.000 Z=1638400.000) RuntimeGrid:None EditorOnly:0 RuntimeOnly:0 HLODRelevant:0 ListedInSceneOutliner:1 IsMainWorldOnly:0 FolderPath:Lighting FolderGuid:963EC3EB4002CCE9759E2EBA541A873A
 |   |   |- [+] [ 39]
 |   |   |   |- Guid:B5C3922241587C265DBD71BB3AAF25AA BaseClass: NativeClass:/Script/Landscape.LandscapeStreamingProxy Name:LandscapeStreamingProxy_2I35UXA2DS7LJ7V440SXHMN9E_126_2_0_0 Label:LandscapeStreamingProxy_2_0_0 SpatiallyLoaded:1 Bounds:IsValid=true, Min=(X=0.000 Y=-25200.000 Z=100.000), Max=(X=0.000 Y=-25200.000 Z=100.000) RuntimeGrid:None EditorOnly:0 RuntimeOnly:0 HLODRelevant:0 ListedInSceneOutliner:1 IsMainWorldOnly:0
 |   |   |- [+] [ 40]
 |   |   |   |- Guid:BD60CD2F4B56BA4BBE7C82A5A50CEA8B BaseClass:/Game/LevelPrototyping/Blueprints/BP_Lamp.BP_Lamp_C NativeClass:/Script/Engine.Actor Name:BP_Lamp_C_UAID_00D86112C32E502A02_1189116934 Label:BP_Lamp SpatiallyLoaded:1 Bounds:IsValid=true, Min=(X=-22990.000 Y=-1520.000 Z=79.729), Max=(X=-22630.000 Y=-1320.000 Z=610.000) RuntimeGrid:None EditorOnly:0 RuntimeOnly:0 HLODRelevant:0 ListedInSceneOutliner:1 IsMainWorldOnly:0
 |   |   |- [+] [ 41]
 |   |   |   |- Guid:C0E4DEC848BE1F742A6C13B437739150 BaseClass: NativeClass:/Script/Engine.DirectionalLight Name:DirectionalLight_0 Label:DirectionalLight SpatiallyLoaded:0 Bounds:Invalid RuntimeGrid:None EditorOnly:0 RuntimeOnly:0 HLODRelevant:0 ListedInSceneOutliner:1 IsMainWorldOnly:0 FolderPath:Lighting FolderGuid:963EC3EB4002CCE9759E2EBA541A873A
 |   |   |- [+] [ 42]
 |   |   |   |- Guid:CC6862354D7099155FB41C96A83E58A5 BaseClass: NativeClass:/Script/Engine.SkyAtmosphere Name:SkyAtmosphere_0 Label:SkyAtmosphere SpatiallyLoaded:0 Bounds:IsValid=true, Min=(X=0.000 Y=0.000 Z=1020.000), Max=(X=0.000 Y=0.000 Z=1020.000) RuntimeGrid:None EditorOnly:0 RuntimeOnly:0 HLODRelevant:0 ListedInSceneOutliner:1 IsMainWorldOnly:0 FolderPath:Lighting FolderGuid:963EC3EB4002CCE9759E2EBA541A873A
 |   |   |- [+] [ 43]
 |   |   |   |- Guid:D2027C0A4BE713269B8A8AAE283BD9F3 BaseClass: NativeClass:/Script/Landscape.LandscapeStreamingProxy Name:LandscapeStreamingProxy_2I35UXA2DS7LJ7V440SXHMN9E_126_-1_3_0 Label:LandscapeStreamingProxy_-1_3_0 SpatiallyLoaded:1 Bounds:IsValid=true, Min=(X=-37800.000 Y=12600.000 Z=100.000), Max=(X=-37800.000 Y=12600.000 Z=100.000) RuntimeGrid:None EditorOnly:0 RuntimeOnly:0 HLODRelevant:0 ListedInSceneOutliner:1 IsMainWorldOnly:0
 |   |   |- [+] [ 44]
 |   |   |   |- Guid:D808A85C4EC93B7A6213088D15451520 BaseClass: NativeClass:/Script/Landscape.LandscapeStreamingProxy Name:LandscapeStreamingProxy_6AV4KTZZQJDTJGQK5RXPRS9F5_126_2_0_0 Label:LandscapeStreamingProxy_2_0_0 SpatiallyLoaded:1 Bounds:IsValid=true, Min=(X=0.000 Y=-25200.000 Z=0.000), Max=(X=12600.000 Y=-12600.000 Z=200.000) RuntimeGrid:None EditorOnly:0 RuntimeOnly:0 HLODRelevant:1 ListedInSceneOutliner:1 IsMainWorldOnly:0
 |   |   |- [+] [ 45]
 |   |   |   |- Guid:D95001BE495457870F8DC9AC7E15EF7C BaseClass: NativeClass:/Script/Landscape.LandscapeStreamingProxy Name:LandscapeStreamingProxy_2I35UXA2DS7LJ7V440SXHMN9E_126_3_0_0 Label:LandscapeStreamingProxy_3_0_0 SpatiallyLoaded:1 Bounds:IsValid=true, Min=(X=12600.000 Y=-25200.000 Z=100.000), Max=(X=12600.000 Y=-25200.000 Z=100.000) RuntimeGrid:None EditorOnly:0 RuntimeOnly:0 HLODRelevant:0 ListedInSceneOutliner:1 IsMainWorldOnly:0
 |   |   |- [+] [ 46]
 |   |   |   |- Guid:DDA1904B4152C971D3F766B8E8F587FF BaseClass: NativeClass:/Script/Landscape.LandscapeStreamingProxy Name:LandscapeStreamingProxy_2I35UXA2DS7LJ7V440SXHMN9E_126_-1_1_0 Label:LandscapeStreamingProxy_-1_1_0 SpatiallyLoaded:1 Bounds:IsValid=true, Min=(X=-37800.000 Y=-12600.000 Z=100.000), Max=(X=-37800.000 Y=-12600.000 Z=100.000) RuntimeGrid:None EditorOnly:0 RuntimeOnly:0 HLODRelevant:0 ListedInSceneOutliner:1 IsMainWorldOnly:0
 |   |   |- [+] [ 47]
 |   |   |   |- Guid:E52961B54BC0F1C642FCC89714D3ED17 BaseClass: NativeClass:/Script/Landscape.LandscapeStreamingProxy Name:LandscapeStreamingProxy_6AV4KTZZQJDTJGQK5RXPRS9F5_126_0_3_0 Label:LandscapeStreamingProxy_0_3_0 SpatiallyLoaded:1 Bounds:IsValid=true, Min=(X=-25200.000 Y=12600.000 Z=0.000), Max=(X=-12600.000 Y=25200.000 Z=200.000) RuntimeGrid:None EditorOnly:0 RuntimeOnly:0 HLODRelevant:1 ListedInSceneOutliner:1 IsMainWorldOnly:0
 |   |   |- [+] [ 48]
 |   |   |   |- Guid:E96A3AF748FF1BCACA4E7D9C7541FA78 BaseClass: NativeClass:/Script/Landscape.LandscapeStreamingProxy Name:LandscapeStreamingProxy_6AV4KTZZQJDTJGQK5RXPRS9F5_126_0_2_0 Label:LandscapeStreamingProxy_0_2_0 SpatiallyLoaded:1 Bounds:IsValid=true, Min=(X=-25200.000 Y=0.000 Z=0.000), Max=(X=-12600.000 Y=12600.000 Z=200.000) RuntimeGrid:None EditorOnly:0 RuntimeOnly:0 HLODRelevant:1 ListedInSceneOutliner:1 IsMainWorldOnly:0
 |   |   |- [+] [ 49]
 |   |   |   |- Guid:EE1B39ED4B27FADCBCB68D9E301E2CDE BaseClass:/Game/LevelPrototyping/Blueprints/BP_House.BP_House_C NativeClass:/Script/Engine.Actor Name:BP_House_C_UAID_047C163C5FFF5A2A02_1281995687 Label:BP_House SpatiallyLoaded:1 Bounds:IsValid=true, Min=(X=-21085.000 Y=-2690.000 Z=100.000), Max=(X=-19580.000 Y=-1090.000 Z=1696.539) RuntimeGrid:None EditorOnly:0 RuntimeOnly:0 HLODRelevant:0 ListedInSceneOutliner:1 IsMainWorldOnly:0
 |   |   |- [+] [ 50]
 |   |   |   |- Guid:F5AAF96E40D746F3F8B1E889214A227B BaseClass: NativeClass:/Script/Landscape.LandscapeStreamingProxy Name:LandscapeStreamingProxy_2I35UXA2DS7LJ7V440SXHMN9E_126_0_3_0 Label:LandscapeStreamingProxy_0_3_0 SpatiallyLoaded:1 Bounds:IsValid=true, Min=(X=-25200.000 Y=12600.000 Z=100.000), Max=(X=-25200.000 Y=12600.000 Z=100.000) RuntimeGrid:None EditorOnly:0 RuntimeOnly:0 HLODRelevant:0 ListedInSceneOutliner:1 IsMainWorldOnly:0
 |   |   |- [+] [ 51]
 |   |   |   |- Guid:FB9A7C3D470E292BDADD52AA61CE2C6F BaseClass: NativeClass:/Script/Landscape.LandscapeStreamingProxy Name:LandscapeStreamingProxy_6AV4KTZZQJDTJGQK5RXPRS9F5_126_1_1_0 Label:LandscapeStreamingProxy_1_1_0 SpatiallyLoaded:1 Bounds:IsValid=true, Min=(X=-12600.000 Y=-12600.000 Z=0.000), Max=(X=0.000 Y=0.000 Z=200.000) RuntimeGrid:None EditorOnly:0 RuntimeOnly:0 HLODRelevant:1 ListedInSceneOutliner:1 IsMainWorldOnly:0
 |- ContainerInstances:
 |- [+] MainContainer:
 |   |-        ID: 00000000000000000000000000000000
 |   |-  ParentID: 00000000000000000000000000000000
 |   |-    Bounds: IsValid=false, Min=(X=0.000 Y=0.000 Z=0.000), Max=(X=0.000 Y=0.000 Z=0.000)
 |   |- Transform: 0.000000,0.000000,0.000000|0.000000,0.000000,-0.000000|1.000000,1.000000,1.000000
 |   |- Container: /Game/ThirdPersonMap
----------------------------------------------------------------------------------------------------------------
ThirdPersonMap - Persistent Level
----------------------------------------------------------------------------------------------------------------
[+] Content of ThirdPersonMap Persistent Level
 |- Always loaded Actor Count: 53 
 |- Actor Path: /Game/ThirdPersonMap.ThirdPersonMap:PersistentLevel.BP_BigDoor_C_UAID_047C163C5FFFA52A02_2076778892
 |- Actor Package: /Game/__ExternalActors__/ThirdPersonMap/0/RQ/UNE0O2BXARFGI8SU9P5RD7
 |- Actor Path: /Game/ThirdPersonMap.ThirdPersonMap:PersistentLevel.BP_Button_C_UAID_047C163C5FFFAB2A02_1115514949
 |- Actor Package: /Game/__ExternalActors__/ThirdPersonMap/3/BS/3NJFHQWK7L73UX091RZ8IM
 |- Actor Path: /Game/ThirdPersonMap.ThirdPersonMap:PersistentLevel.BP_House_C_UAID_047C163C5FFF5A2A02_1281995687
 |- Actor Package: /Game/__ExternalActors__/ThirdPersonMap/E/9F/09VBJDZ3LAK3DTJI97MSTA
 |- Actor Path: /Game/ThirdPersonMap.ThirdPersonMap:PersistentLevel.BP_Lamp_C_UAID_00D86112C32E502A02_1189116934
 |- Actor Package: /Game/__ExternalActors__/ThirdPersonMap/5/3M/O2ZR47BZ4JDKSRGSVQK299
 |- Actor Path: /Game/ThirdPersonMap.ThirdPersonMap:PersistentLevel.BP_Tree_C_UAID_00D86112C32E512A02_1599391117
 |- Actor Package: /Game/__ExternalActors__/ThirdPersonMap/9/IQ/7MFHPIKXIHLWUTIT3IDB8B
 |- Actor Path: /Game/ThirdPersonMap.ThirdPersonMap:PersistentLevel.DirectionalLight_0
 |- Actor Package: /Game/__ExternalActors__/ThirdPersonMap/5/R1/TS5OQ5CRUWFZYL1ZQ7I416
 |- Actor Path: /Game/ThirdPersonMap.ThirdPersonMap:PersistentLevel.ExponentialHeightFog_UAID_00D86112C32E7D2802_1266554742
 |- Actor Package: /Game/__ExternalActors__/ThirdPersonMap/6/95/B407JNJVRY44ZVONGZDXUE
 |- Actor Path: /Game/ThirdPersonMap.ThirdPersonMap:PersistentLevel.InstancedFoliageActor_25600_-1_-1_0
 |- Actor Package: /Game/__ExternalActors__/ThirdPersonMap/1/ZP/43DDN4826B2LFSFE8KV5NX
 |- Actor Path: /Game/ThirdPersonMap.ThirdPersonMap:PersistentLevel.Landscape_UAID_00D86112C32E182802_1667234966
 |- Actor Package: /Game/__ExternalActors__/ThirdPersonMap/B/TB/CGZB96CVJJMHJGFCZ2IGKW
 |- Actor Path: /Game/ThirdPersonMap.ThirdPersonMap:PersistentLevel.Landscape_UAID_00D86112C32E4C2A02_2026597225
 |- Actor Package: /Game/__ExternalActors__/ThirdPersonMap/C/8B/54NKP77ZZYUKIU9OTFCVZL
 |- Actor Path: /Game/ThirdPersonMap.ThirdPersonMap:PersistentLevel.LandscapeStreamingProxy_2I35UXA2DS7LJ7V440SXHMN9E_126_-1_1_0
 |- Actor Package: /Game/__ExternalActors__/ThirdPersonMap/8/AW/8COOB21DP30VNHMDJ388XT
 |- Actor Path: /Game/ThirdPersonMap.ThirdPersonMap:PersistentLevel.LandscapeStreamingProxy_2I35UXA2DS7LJ7V440SXHMN9E_126_-1_2_0
 |- Actor Package: /Game/__ExternalActors__/ThirdPersonMap/A/91/HW1P62EWAUS4X25W5Z3AKC
 |- Actor Path: /Game/ThirdPersonMap.ThirdPersonMap:PersistentLevel.LandscapeStreamingProxy_2I35UXA2DS7LJ7V440SXHMN9E_126_-1_3_0
 |- Actor Package: /Game/__ExternalActors__/ThirdPersonMap/3/RA/8JTV5GI2WTHTD3TSA9HUYZ
 |- Actor Path: /Game/ThirdPersonMap.ThirdPersonMap:PersistentLevel.LandscapeStreamingProxy_2I35UXA2DS7LJ7V440SXHMN9E_126_0_0_0
 |- Actor Package: /Game/__ExternalActors__/ThirdPersonMap/5/QI/XDLVD6G527UNN3WKE0D02V
 |- Actor Path: /Game/ThirdPersonMap.ThirdPersonMap:PersistentLevel.LandscapeStreamingProxy_2I35UXA2DS7LJ7V440SXHMN9E_126_0_1_0
 |- Actor Package: /Game/__ExternalActors__/ThirdPersonMap/4/M2/0XXEVU5C63K6R6J8XMLLCL
 |- Actor Path: /Game/ThirdPersonMap.ThirdPersonMap:PersistentLevel.LandscapeStreamingProxy_2I35UXA2DS7LJ7V440SXHMN9E_126_0_2_0
 |- Actor Package: /Game/__ExternalActors__/ThirdPersonMap/C/DF/7AHMWFDDXNK3XOE8AX539S
 |- Actor Path: /Game/ThirdPersonMap.ThirdPersonMap:PersistentLevel.LandscapeStreamingProxy_2I35UXA2DS7LJ7V440SXHMN9E_126_0_3_0
 |- Actor Package: /Game/__ExternalActors__/ThirdPersonMap/A/VB/PAIJL364NZBZ0R2NN2U4X6
 |- Actor Path: /Game/ThirdPersonMap.ThirdPersonMap:PersistentLevel.LandscapeStreamingProxy_2I35UXA2DS7LJ7V440SXHMN9E_126_1_0_0
 |- Actor Package: /Game/__ExternalActors__/ThirdPersonMap/2/4C/WQ6I6CX371LBE9NLKN5MDI
 |- Actor Path: /Game/ThirdPersonMap.ThirdPersonMap:PersistentLevel.LandscapeStreamingProxy_2I35UXA2DS7LJ7V440SXHMN9E_126_1_1_0
 |- Actor Package: /Game/__ExternalActors__/ThirdPersonMap/E/9G/5R6SZFAPGDRPCHV3MXYE6E
 |- Actor Path: /Game/ThirdPersonMap.ThirdPersonMap:PersistentLevel.LandscapeStreamingProxy_2I35UXA2DS7LJ7V440SXHMN9E_126_1_2_0
 |- Actor Package: /Game/__ExternalActors__/ThirdPersonMap/A/LG/NJ1D6RNRVVUGCQ894PD6ZT
 |- Actor Path: /Game/ThirdPersonMap.ThirdPersonMap:PersistentLevel.LandscapeStreamingProxy_2I35UXA2DS7LJ7V440SXHMN9E_126_1_3_0
 |- Actor Package: /Game/__ExternalActors__/ThirdPersonMap/5/GP/LPAUGTO3VZLV5Y89AOPU9S
 |- Actor Path: /Game/ThirdPersonMap.ThirdPersonMap:PersistentLevel.LandscapeStreamingProxy_2I35UXA2DS7LJ7V440SXHMN9E_126_2_0_0
 |- Actor Package: /Game/__ExternalActors__/ThirdPersonMap/B/3G/RBT9C9O1WOD9XHOY8CR9GW
 |- Actor Path: /Game/ThirdPersonMap.ThirdPersonMap:PersistentLevel.LandscapeStreamingProxy_2I35UXA2DS7LJ7V440SXHMN9E_126_2_1_0
 |- Actor Package: /Game/__ExternalActors__/ThirdPersonMap/7/VG/856UWGTT1PLQRV8M4SWH8D
 |- Actor Path: /Game/ThirdPersonMap.ThirdPersonMap:PersistentLevel.LandscapeStreamingProxy_2I35UXA2DS7LJ7V440SXHMN9E_126_2_2_0
 |- Actor Package: /Game/__ExternalActors__/ThirdPersonMap/1/VD/RX2E8CSVVQ1KTSYRZHOFD1
 |- Actor Path: /Game/ThirdPersonMap.ThirdPersonMap:PersistentLevel.LandscapeStreamingProxy_2I35UXA2DS7LJ7V440SXHMN9E_126_2_3_0
 |- Actor Package: /Game/__ExternalActors__/ThirdPersonMap/3/OC/8VW0X1VI68SKJ3LW365JPL
 |- Actor Path: /Game/ThirdPersonMap.ThirdPersonMap:PersistentLevel.LandscapeStreamingProxy_2I35UXA2DS7LJ7V440SXHMN9E_126_3_0_0
 |- Actor Package: /Game/__ExternalActors__/ThirdPersonMap/C/AQ/7JI2XDPS7ENMMR7WBO0YFV
 |- Actor Path: /Game/ThirdPersonMap.ThirdPersonMap:PersistentLevel.LandscapeStreamingProxy_2I35UXA2DS7LJ7V440SXHMN9E_126_3_1_0
 |- Actor Package: /Game/__ExternalActors__/ThirdPersonMap/A/3J/LJAZ6HYH1GIW9FVEDE7AWY
 |- Actor Path: /Game/ThirdPersonMap.ThirdPersonMap:PersistentLevel.LandscapeStreamingProxy_2I35UXA2DS7LJ7V440SXHMN9E_126_3_2_0
 |- Actor Package: /Game/__ExternalActors__/ThirdPersonMap/8/II/XT4FF5XMT7HIJ6A0ZNJC4X
 |- Actor Path: /Game/ThirdPersonMap.ThirdPersonMap:PersistentLevel.LandscapeStreamingProxy_2I35UXA2DS7LJ7V440SXHMN9E_126_3_3_0
 |- Actor Package: /Game/__ExternalActors__/ThirdPersonMap/D/SE/JP0HXT46W5SDL8UD2NM5VD
 |- Actor Path: /Game/ThirdPersonMap.ThirdPersonMap:PersistentLevel.LandscapeStreamingProxy_6AV4KTZZQJDTJGQK5RXPRS9F5_126_0_0_0
 |- Actor Package: /Game/__ExternalActors__/ThirdPersonMap/4/MK/13MGEJL5EL4S5QDLEYV2F0
 |- Actor Path: /Game/ThirdPersonMap.ThirdPersonMap:PersistentLevel.LandscapeStreamingProxy_6AV4KTZZQJDTJGQK5RXPRS9F5_126_0_1_0
 |- Actor Package: /Game/__ExternalActors__/ThirdPersonMap/4/OE/TTVIM2BDCEI7CQAG3YYZR2
 |- Actor Path: /Game/ThirdPersonMap.ThirdPersonMap:PersistentLevel.LandscapeStreamingProxy_6AV4KTZZQJDTJGQK5RXPRS9F5_126_0_2_0
 |- Actor Package: /Game/__ExternalActors__/ThirdPersonMap/6/X9/JY9GD3DFPF4I4B9BHA07DO
 |- Actor Path: /Game/ThirdPersonMap.ThirdPersonMap:PersistentLevel.LandscapeStreamingProxy_6AV4KTZZQJDTJGQK5RXPRS9F5_126_0_3_0
 |- Actor Package: /Game/__ExternalActors__/ThirdPersonMap/7/0H/H8EMQ4XIVG0E3L3R7CTS0P
 |- Actor Path: /Game/ThirdPersonMap.ThirdPersonMap:PersistentLevel.LandscapeStreamingProxy_6AV4KTZZQJDTJGQK5RXPRS9F5_126_1_0_0
 |- Actor Package: /Game/__ExternalActors__/ThirdPersonMap/8/Z6/9P5IX24FIR6SCONGOEPD0Z
 |- Actor Path: /Game/ThirdPersonMap.ThirdPersonMap:PersistentLevel.LandscapeStreamingProxy_6AV4KTZZQJDTJGQK5RXPRS9F5_126_1_1_0
 |- Actor Package: /Game/__ExternalActors__/ThirdPersonMap/1/MG/THK2FYU5L2BRSY6PDBJKWG
 |- Actor Path: /Game/ThirdPersonMap.ThirdPersonMap:PersistentLevel.LandscapeStreamingProxy_6AV4KTZZQJDTJGQK5RXPRS9F5_126_1_2_0
 |- Actor Package: /Game/__ExternalActors__/ThirdPersonMap/9/EL/4NNJXHUN1749F7OQHQTYYR
 |- Actor Path: /Game/ThirdPersonMap.ThirdPersonMap:PersistentLevel.LandscapeStreamingProxy_6AV4KTZZQJDTJGQK5RXPRS9F5_126_1_3_0
 |- Actor Package: /Game/__ExternalActors__/ThirdPersonMap/7/7U/9XUM5S2SR8F03U79H7R8LO
 |- Actor Path: /Game/ThirdPersonMap.ThirdPersonMap:PersistentLevel.LandscapeStreamingProxy_6AV4KTZZQJDTJGQK5RXPRS9F5_126_2_0_0
 |- Actor Package: /Game/__ExternalActors__/ThirdPersonMap/E/OA/XIAHJWIHRDKLAU3CYMSU5P
 |- Actor Path: /Game/ThirdPersonMap.ThirdPersonMap:PersistentLevel.LandscapeStreamingProxy_6AV4KTZZQJDTJGQK5RXPRS9F5_126_2_1_0
 |- Actor Package: /Game/__ExternalActors__/ThirdPersonMap/6/D3/VQTPDFSPR8YRRFCPY2I347
 |- Actor Path: /Game/ThirdPersonMap.ThirdPersonMap:PersistentLevel.LandscapeStreamingProxy_6AV4KTZZQJDTJGQK5RXPRS9F5_126_2_2_0
 |- Actor Package: /Game/__ExternalActors__/ThirdPersonMap/2/ZI/PJBIA6C3QC03GUOUJ1XMST
 |- Actor Path: /Game/ThirdPersonMap.ThirdPersonMap:PersistentLevel.LandscapeStreamingProxy_6AV4KTZZQJDTJGQK5RXPRS9F5_126_2_3_0
 |- Actor Package: /Game/__ExternalActors__/ThirdPersonMap/E/JL/RWPE5ZNH1C9L49WRFDM9WQ
 |- Actor Path: /Game/ThirdPersonMap.ThirdPersonMap:PersistentLevel.LandscapeStreamingProxy_6AV4KTZZQJDTJGQK5RXPRS9F5_126_3_0_0
 |- Actor Package: /Game/__ExternalActors__/ThirdPersonMap/D/06/RTCAS3LDHZYJRQCH703X3D
 |- Actor Path: /Game/ThirdPersonMap.ThirdPersonMap:PersistentLevel.LandscapeStreamingProxy_6AV4KTZZQJDTJGQK5RXPRS9F5_126_3_1_0
 |- Actor Package: /Game/__ExternalActors__/ThirdPersonMap/B/R0/V71WQPYJZA9EN4G388OYTG
 |- Actor Path: /Game/ThirdPersonMap.ThirdPersonMap:PersistentLevel.LandscapeStreamingProxy_6AV4KTZZQJDTJGQK5RXPRS9F5_126_3_2_0
 |- Actor Package: /Game/__ExternalActors__/ThirdPersonMap/C/QM/JRYSALNZJMTSLLBHB0ODYH
 |- Actor Path: /Game/ThirdPersonMap.ThirdPersonMap:PersistentLevel.LandscapeStreamingProxy_6AV4KTZZQJDTJGQK5RXPRS9F5_126_3_3_0
 |- Actor Package: /Game/__ExternalActors__/ThirdPersonMap/4/I8/9CP682I6GVD84XPLJWO2SR
 |- Actor Path: /Game/ThirdPersonMap.ThirdPersonMap:PersistentLevel.PlayerStart_0
 |- Actor Package: /Game/__ExternalActors__/ThirdPersonMap/D/DE/SWSI13675DVYIZ0N4NF7Y3
 |- Actor Path: /Game/ThirdPersonMap.ThirdPersonMap:PersistentLevel.PostProcessVolume_0
 |- Actor Package: /Game/__ExternalActors__/ThirdPersonMap/1/AZ/A7GPT109Y6ZTTJD4A7TXER
 |- Actor Path: /Game/ThirdPersonMap.ThirdPersonMap:PersistentLevel.SkyAtmosphere_0
 |- Actor Package: /Game/__ExternalActors__/ThirdPersonMap/4/LN/30UBDLYFFA5ZR7U4W4L4GG
 |- Actor Path: /Game/ThirdPersonMap.ThirdPersonMap:PersistentLevel.SkyLight_1
 |- Actor Package: /Game/__ExternalActors__/ThirdPersonMap/8/S1/DXUWD12MD3HRWVVXX076BY
 |- Actor Path: /Game/ThirdPersonMap.ThirdPersonMap:PersistentLevel.StaticMeshActor_UAID_00D86112C32E4C2A02_2112779226
 |- Actor Package: /Game/__ExternalActors__/ThirdPersonMap/2/9S/VHLJ0X3JKXNULDGX6Z3V02
 |- Actor Path: /Game/ThirdPersonMap.ThirdPersonMap:PersistentLevel.StaticMeshActor_UAID_A4AE111137DC5EFB00_1110535423
 |- Actor Package: /Game/__ExternalActors__/ThirdPersonMap/4/PN/2QISIGK5DJNQ05US8O8FXW
 |- Actor Path: /Game/ThirdPersonMap.ThirdPersonMap:PersistentLevel.VolumetricCloud_0
 |- Actor Package: /Game/__ExternalActors__/ThirdPersonMap/3/EY/87SHEJN5UBEAN2K5OV1G6R
 |- Actor Path: /Game/ThirdPersonMap.ThirdPersonMap:PersistentLevel.WorldDataLayers
 |- Actor Package: /Game/__ExternalActors__/ThirdPersonMap/0/43/HYQWORMY4JDQ5X3OKZXFLC

----------------------------------------------------------------------------------------------------------------
ThirdPersonMap - Runtime Hash Set
----------------------------------------------------------------------------------------------------------------

